0 info it worked if it ends with ok
1 verbose cli [ '/usr/local/Cellar/node/6.8.1/bin/node',
1 verbose cli   '/usr/local/bin/npm',
1 verbose cli   'publish' ]
2 info using npm@3.10.8
3 info using node@v6.8.1
4 verbose publish [ '.' ]
5 silly cache add args [ '.', null ]
6 verbose cache add spec .
7 silly cache add parsed spec Result {
7 silly cache add   raw: '.',
7 silly cache add   scope: null,
7 silly cache add   escapedName: null,
7 silly cache add   name: null,
7 silly cache add   rawSpec: '.',
7 silly cache add   spec: '/Users/nicholas.obrien/dev/colour-cursive',
7 silly cache add   type: 'directory' }
8 verbose addLocalDirectory /Users/nicholas.obrien/.npm/colour-cursive/1.0.1/package.tgz not in flight; packing
9 verbose correctMkdir /Users/nicholas.obrien/.npm correctMkdir not in flight; initializing
10 info lifecycle colour-cursive@1.0.1~prepublish: colour-cursive@1.0.1
11 silly lifecycle colour-cursive@1.0.1~prepublish: no script for prepublish, continuing
12 verbose tar pack [ '/Users/nicholas.obrien/.npm/colour-cursive/1.0.1/package.tgz',
12 verbose tar pack   '/Users/nicholas.obrien/dev/colour-cursive' ]
13 verbose tarball /Users/nicholas.obrien/.npm/colour-cursive/1.0.1/package.tgz
14 verbose folder /Users/nicholas.obrien/dev/colour-cursive
15 verbose addLocalTarball adding from inside cache /Users/nicholas.obrien/.npm/colour-cursive/1.0.1/package.tgz
16 verbose correctMkdir /Users/nicholas.obrien/.npm correctMkdir not in flight; initializing
17 silly cache afterAdd colour-cursive@1.0.1
18 verbose afterAdd /Users/nicholas.obrien/.npm/colour-cursive/1.0.1/package/package.json not in flight; writing
19 verbose correctMkdir /Users/nicholas.obrien/.npm correctMkdir not in flight; initializing
20 verbose afterAdd /Users/nicholas.obrien/.npm/colour-cursive/1.0.1/package/package.json written
21 silly publish { name: 'colour-cursive',
21 silly publish   version: '1.0.1',
21 silly publish   description: 'Chalk colours but so much faster',
21 silly publish   main: 'index.js',
21 silly publish   scripts: { test: 'echo "Error: no test specified" && exit 1' },
21 silly publish   author:
21 silly publish    { name: 'Nicholas O\'Brien',
21 silly publish      email: 'nicholas.obrien@ucc.on.ca',
21 silly publish      url: 'http://obrien.tech' },
21 silly publish   license: 'MIT',
21 silly publish   dependencies: { chalk: '^1.1.3' },
21 silly publish   devDependencies: {},
21 silly publish   repository:
21 silly publish    { type: 'git',
21 silly publish      url: 'git+https://github.com/obrien66/colour-cursive.git' },
21 silly publish   keywords: [ 'colour', 'terminal' ],
21 silly publish   bugs: { url: 'https://github.com/obrien66/colour-cursive/issues' },
21 silly publish   homepage: 'https://github.com/obrien66/colour-cursive#readme',
21 silly publish   readme: '# colour-cursive\n\nI like colours (specifically [chalk](https://www.npmjs.com/package/chalk)) but I hate all the typing I have to do for it to work. Also I really wanted to learn how to make packages and this seems like a fun way to do that.\n\n```js\nvar cc = require("./index");\n\n// red\ncc.red("I am a red string");\n// is the same as \nconsole.log(chalk.red("I am a red string"));\n\n\n// yellow\ncc.yellow("I am a yellow string");\n// is the same as \nconsole.log(chalk.yellow("I am a yellow string"));\n\n\n// green\ncc.green("I am a green string");\n// is the same as \nconsole.log(chalk.green("I am a green string"));\n\n\n// blue\ncc.blue("I am a blue string");\n// is the same as \nconsole.log(chalk.blue("I am a blue string"));\n\n\n// cyan\ncc.cyan("I am a cyan string");\n// is the same as \nconsole.log(chalk.cyan("I am a cyan string"));\n\n\n// magenta\ncc.magenta("I am a magenta string");\n// is the same as \nconsole.log(chalk.magenta("I am a magenta string"));\n\n\n// gray\ncc.gray("I am a gray string");\n// is the same as \nconsole.log(chalk.gray("I am a gray string"));\n\n```\n\n',
21 silly publish   readmeFilename: 'README.md',
21 silly publish   gitHead: '8655dde880071c1324b94909a0577576f6c2ba76',
21 silly publish   _id: 'colour-cursive@1.0.1',
21 silly publish   _shasum: '499a9a82f95b921746219275b8c1ca2e4b2f851c',
21 silly publish   _from: '.' }
22 verbose getPublishConfig undefined
23 silly mapToRegistry name colour-cursive
24 silly mapToRegistry using default registry
25 silly mapToRegistry registry https://registry.npmjs.org/
26 silly mapToRegistry data Result {
26 silly mapToRegistry   raw: 'colour-cursive',
26 silly mapToRegistry   scope: null,
26 silly mapToRegistry   escapedName: 'colour-cursive',
26 silly mapToRegistry   name: 'colour-cursive',
26 silly mapToRegistry   rawSpec: '',
26 silly mapToRegistry   spec: 'latest',
26 silly mapToRegistry   type: 'tag' }
27 silly mapToRegistry uri https://registry.npmjs.org/colour-cursive
28 verbose publish registryBase https://registry.npmjs.org/
29 silly publish uploading /Users/nicholas.obrien/.npm/colour-cursive/1.0.1/package.tgz
30 verbose request uri https://registry.npmjs.org/colour-cursive
31 verbose request sending authorization for write operation
32 info attempt registry request try #1 at 4:43:49 PM
33 verbose request using bearer token for auth
34 verbose request id 62165947b19d8839
35 http request PUT https://registry.npmjs.org/colour-cursive
36 http 403 https://registry.npmjs.org/colour-cursive
37 verbose headers { 'content-type': 'application/json',
37 verbose headers   'cache-control': 'max-age=300',
37 verbose headers   'content-length': '95',
37 verbose headers   'accept-ranges': 'bytes',
37 verbose headers   date: 'Wed, 04 Jan 2017 20:43:50 GMT',
37 verbose headers   via: '1.1 varnish',
37 verbose headers   connection: 'keep-alive',
37 verbose headers   'x-served-by': 'cache-mia1324-MIA',
37 verbose headers   'x-cache': 'MISS',
37 verbose headers   'x-cache-hits': '0',
37 verbose headers   'x-timer': 'S1483562630.217525,VS0,VE630',
37 verbose headers   vary: 'Accept-Encoding' }
38 verbose request invalidating /Users/nicholas.obrien/.npm/registry.npmjs.org/colour-cursive on PUT
39 error publish Failed PUT 403
40 verbose stack Error: "You cannot publish over the previously published version 1.0.1." : colour-cursive
40 verbose stack     at makeError (/usr/local/lib/node_modules/npm/node_modules/npm-registry-client/lib/request.js:302:12)
40 verbose stack     at CachingRegistryClient.<anonymous> (/usr/local/lib/node_modules/npm/node_modules/npm-registry-client/lib/request.js:290:14)
40 verbose stack     at Request._callback (/usr/local/lib/node_modules/npm/node_modules/npm-registry-client/lib/request.js:210:14)
40 verbose stack     at Request.self.callback (/usr/local/lib/node_modules/npm/node_modules/request/request.js:187:22)
40 verbose stack     at emitTwo (events.js:106:13)
40 verbose stack     at Request.emit (events.js:191:7)
40 verbose stack     at Request.<anonymous> (/usr/local/lib/node_modules/npm/node_modules/request/request.js:1044:10)
40 verbose stack     at emitOne (events.js:96:13)
40 verbose stack     at Request.emit (events.js:188:7)
40 verbose stack     at IncomingMessage.<anonymous> (/usr/local/lib/node_modules/npm/node_modules/request/request.js:965:12)
41 verbose statusCode 403
42 verbose pkgid colour-cursive
43 verbose cwd /Users/nicholas.obrien/dev/colour-cursive
44 error Darwin 15.6.0
45 error argv "/usr/local/Cellar/node/6.8.1/bin/node" "/usr/local/bin/npm" "publish"
46 error node v6.8.1
47 error npm  v3.10.8
48 error code E403
49 error "You cannot publish over the previously published version 1.0.1." : colour-cursive
50 error If you need help, you may report this error at:
50 error     <https://github.com/npm/npm/issues>
51 verbose exit [ 1, true ]
